00000000: 7f45 4c46 0201 0100 0000 0000 0000 0000  .ELF............
00000010: 0300 3e00 0100 0000 1007 0000 0000 0000  ..>.............
00000020: 4000 0000 0000 0000 c838 0000 0000 0000  @........8......
00000030: 0000 0000 4000 3800 0900 4000 2200 2100  ....@.8...@.".!.
00000040: 0600 0000 0400 0000 4000 0000 0000 0000  ........@.......
00000050: 4000 0000 0000 0000 4000 0000 0000 0000  @.......@.......
00000060: f801 0000 0000 0000 f801 0000 0000 0000  ................
00000070: 0800 0000 0000 0000 0300 0000 0400 0000  ................
00000080: 3802 0000 0000 0000 3802 0000 0000 0000  8.......8.......
00000090: 3802 0000 0000 0000 1c00 0000 0000 0000  8...............
000000a0: 1c00 0000 0000 0000 0100 0000 0000 0000  ................
000000b0: 0100 0000 0500 0000 0000 0000 0000 0000  ................
000000c0: 0000 0000 0000 0000 0000 0000 0000 0000  ................
000000d0: 4010 0000 0000 0000 4010 0000 0000 0000  @.......@.......
000000e0: 0000 2000 0000 0000 0100 0000 0600 0000  .. .............
000000f0: 901d 0000 0000 0000 901d 2000 0000 0000  .......... .....
00000100: 901d 2000 0000 0000 8002 0000 0000 0000  .. .............
00000110: 9002 0000 0000 0000 0000 2000 0000 0000  .......... .....
00000120: 0200 0000 0600 0000 a01d 0000 0000 0000  ................
00000130: a01d 2000 0000 0000 a01d 2000 0000 0000  .. ....... .....
00000140: f001 0000 0000 0000 f001 0000 0000 0000  ................
00000150: 0800 0000 0000 0000 0400 0000 0400 0000  ................
00000160: 5402 0000 0000 0000 5402 0000 0000 0000  T.......T.......
00000170: 5402 0000 0000 0000 4400 0000 0000 0000  T.......D.......
00000180: 4400 0000 0000 0000 0400 0000 0000 0000  D...............
00000190: 50e5 7464 0400 0000 080e 0000 0000 0000  P.td............
000001a0: 080e 0000 0000 0000 080e 0000 0000 0000  ................
000001b0: 6c00 0000 0000 0000 6c00 0000 0000 0000  l.......l.......
000001c0: 0400 0000 0000 0000 51e5 7464 0600 0000  ........Q.td....
000001d0: 0000 0000 0000 0000 0000 0000 0000 0000  ................
000001e0: 0000 0000 0000 0000 0000 0000 0000 0000  ................
000001f0: 0000 0000 0000 0000 1000 0000 0000 0000  ................
00000200: 52e5 7464 0400 0000 901d 0000 0000 0000  R.td............
00000210: 901d 2000 0000 0000 901d 2000 0000 0000  .. ....... .....
00000220: 7002 0000 0000 0000 7002 0000 0000 0000  p.......p.......
00000230: 0100 0000 0000 0000 2f6c 6962 3634 2f6c  ......../lib64/l
00000240: 642d 6c69 6e75 782d 7838 362d 3634 2e73  d-linux-x86-64.s
00000250: 6f2e 3200 0400 0000 1000 0000 0100 0000  o.2.............
00000260: 474e 5500 0000 0000 0300 0000 0200 0000  GNU.............
00000270: 0000 0000 0400 0000 1400 0000 0300 0000  ................
00000280: 474e 5500 392f c6e3 08fb bb69 5942 ea3d  GNU.9/.....iYB.=
00000290: a06b 3261 ce67 b98b 0200 0000 0c00 0000  .k2a.g..........
000002a0: 0100 0000 0600 0000 0000 2000 8000 0000  .......... .....
000002b0: 0000 0000 0c00 0000 6755 6110 0000 0000  ........gUa.....
000002c0: 0000 0000 0000 0000 0000 0000 0000 0000  ................
000002d0: 0000 0000 0000 0000 2100 0000 1200 0000  ........!.......
000002e0: 0000 0000 0000 0000 0000 0000 0000 0000  ................
000002f0: 7a00 0000 2000 0000 0000 0000 0000 0000  z... ...........
00000300: 0000 0000 0000 0000 3600 0000 1200 0000  ........6.......
00000310: 0000 0000 0000 0000 0000 0000 0000 0000  ................
00000320: 1000 0000 1200 0000 0000 0000 0000 0000  ................
00000330: 0000 0000 0000 0000 2f00 0000 1200 0000  ......../.......
00000340: 0000 0000 0000 0000 0000 0000 0000 0000  ................
00000350: 5200 0000 1200 0000 0000 0000 0000 0000  R...............
00000360: 0000 0000 0000 0000 4b00 0000 1200 0000  ........K.......
00000370: 0000 0000 0000 0000 0000 0000 0000 0000  ................
00000380: 9600 0000 2000 0000 0000 0000 0000 0000  .... ...........
00000390: 0000 0000 0000 0000 0b00 0000 1200 0000  ................
000003a0: 0000 0000 0000 0000 0000 0000 0000 0000  ................
000003b0: a500 0000 2000 0000 0000 0000 0000 0000  .... ...........
000003c0: 0000 0000 0000 0000 3c00 0000 2200 0000  ........<..."...
000003d0: 0000 0000 0000 0000 0000 0000 0000 0000  ................
000003e0: 2900 0000 1100 1800 1020 2000 0000 0000  )........  .....
000003f0: 0800 0000 0000 0000 006c 6962 632e 736f  .........libc.so
00000400: 2e36 0065 7869 7400 5f5f 7374 6163 6b5f  .6.exit.__stack_
00000410: 6368 6b5f 6661 696c 0070 7574 6368 6172  chk_fail.putchar
00000420: 0073 7464 696e 0070 7269 6e74 6600 6672  .stdin.printf.fr
00000430: 6561 6400 5f5f 6378 615f 6669 6e61 6c69  ead.__cxa_finali
00000440: 7a65 0073 7472 636d 7000 5f5f 6c69 6263  ze.strcmp.__libc
00000450: 5f73 7461 7274 5f6d 6169 6e00 474c 4942  _start_main.GLIB
00000460: 435f 322e 3400 474c 4942 435f 322e 322e  C_2.4.GLIBC_2.2.
00000470: 3500 5f49 544d 5f64 6572 6567 6973 7465  5._ITM_deregiste
00000480: 7254 4d43 6c6f 6e65 5461 626c 6500 5f5f  rTMCloneTable.__
00000490: 676d 6f6e 5f73 7461 7274 5f5f 005f 4954  gmon_start__._IT
000004a0: 4d5f 7265 6769 7374 6572 544d 436c 6f6e  M_registerTMClon
000004b0: 6554 6162 6c65 0000 0000 0200 0000 0200  eTable..........
000004c0: 0300 0200 0200 0200 0000 0200 0000 0200  ................
000004d0: 0200 0000 0000 0000 0100 0200 0100 0000  ................
000004e0: 1000 0000 0000 0000 1469 690d 0000 0300  .........ii.....
000004f0: 6400 0000 1000 0000 751a 6909 0000 0200  d.......u.i.....
00000500: 6e00 0000 0000 0000 901d 2000 0000 0000  n......... .....
00000510: 0800 0000 0000 0000 1008 0000 0000 0000  ................
00000520: 981d 2000 0000 0000 0800 0000 0000 0000  .. .............
00000530: d007 0000 0000 0000 0820 2000 0000 0000  .........  .....
00000540: 0800 0000 0000 0000 0820 2000 0000 0000  .........  .....
00000550: d81f 2000 0000 0000 0600 0000 0200 0000  .. .............
00000560: 0000 0000 0000 0000 e01f 2000 0000 0000  .......... .....
00000570: 0600 0000 0600 0000 0000 0000 0000 0000  ................
00000580: e81f 2000 0000 0000 0600 0000 0800 0000  .. .............
00000590: 0000 0000 0000 0000 f01f 2000 0000 0000  .......... .....
000005a0: 0600 0000 0a00 0000 0000 0000 0000 0000  ................
000005b0: f81f 2000 0000 0000 0600 0000 0b00 0000  .. .............
000005c0: 0000 0000 0000 0000 1020 2000 0000 0000  .........  .....
000005d0: 0500 0000 0c00 0000 0000 0000 0000 0000  ................
000005e0: a81f 2000 0000 0000 0700 0000 0100 0000  .. .............
000005f0: 0000 0000 0000 0000 b01f 2000 0000 0000  .......... .....
00000600: 0700 0000 0300 0000 0000 0000 0000 0000  ................
00000610: b81f 2000 0000 0000 0700 0000 0400 0000  .. .............
00000620: 0000 0000 0000 0000 c01f 2000 0000 0000  .......... .....
00000630: 0700 0000 0500 0000 0000 0000 0000 0000  ................
00000640: c81f 2000 0000 0000 0700 0000 0700 0000  .. .............
00000650: 0000 0000 0000 0000 d01f 2000 0000 0000  .......... .....
00000660: 0700 0000 0900 0000 0000 0000 0000 0000  ................
00000670: 4883 ec08 488b 056d 1920 0048 85c0 7402  H...H..m. .H..t.
00000680: ffd0 4883 c408 c300 0000 0000 0000 0000  ..H.............
00000690: ff35 0219 2000 ff25 0419 2000 0f1f 4000  .5.. ..%.. ...@.
000006a0: ff25 0219 2000 6800 0000 00e9 e0ff ffff  .%.. .h.........
000006b0: ff25 fa18 2000 6801 0000 00e9 d0ff ffff  .%.. .h.........
000006c0: ff25 f218 2000 6802 0000 00e9 c0ff ffff  .%.. .h.........
000006d0: ff25 ea18 2000 6803 0000 00e9 b0ff ffff  .%.. .h.........
000006e0: ff25 e218 2000 6804 0000 00e9 a0ff ffff  .%.. .h.........
000006f0: ff25 da18 2000 6805 0000 00e9 90ff ffff  .%.. .h.........
00000700: ff25 f218 2000 6690 0000 0000 0000 0000  .%.. .f.........
00000710: 31ed 4989 d15e 4889 e248 83e4 f050 544c  1.I..^H..H...PTL
00000720: 8d05 8a06 0000 488d 0d13 0600 0048 8d3d  ......H......H.=
00000730: 8a05 0000 ff15 a618 2000 f40f 1f44 0000  ........ ....D..
00000740: 488d 3dc9 1820 0055 488d 05c1 1820 0048  H.=.. .UH.... .H
00000750: 39f8 4889 e574 1948 8b05 7a18 2000 4885  9.H..t.H..z. .H.
00000760: c074 0d5d ffe0 662e 0f1f 8400 0000 0000  .t.]..f.........
00000770: 5dc3 0f1f 4000 662e 0f1f 8400 0000 0000  ]...@.f.........
00000780: 488d 3d89 1820 0048 8d35 8218 2000 5548  H.=.. .H.5.. .UH
00000790: 29fe 4889 e548 c1fe 0348 89f0 48c1 e83f  ).H..H...H..H..?
000007a0: 4801 c648 d1fe 7418 488b 0541 1820 0048  H..H..t.H..A. .H
000007b0: 85c0 740c 5dff e066 0f1f 8400 0000 0000  ..t.]..f........
000007c0: 5dc3 0f1f 4000 662e 0f1f 8400 0000 0000  ]...@.f.........
000007d0: 803d 4118 2000 0075 2f48 833d 1718 2000  .=A. ..u/H.=.. .
000007e0: 0055 4889 e574 0c48 8b3d 1a18 2000 e80d  .UH..t.H.=.. ...
000007f0: ffff ffe8 48ff ffff c605 1918 2000 015d  ....H....... ..]
00000800: c30f 1f80 0000 0000 f3c3 660f 1f44 0000  ..........f..D..
00000810: 5548 89e5 5de9 66ff ffff 5548 89e5 4883  UH..].f...UH..H.
00000820: ec20 897d fc48 8975 f048 8955 e883 7dfc  . .}.H.u.H.U..}.
00000830: 027e 2548 8b45 f048 8b00 4889 c648 8d3d  .~%H.E.H..H..H.=
00000840: 8005 0000 b800 0000 00e8 82fe ffff bf01  ................
00000850: 0000 00e8 98fe ffff 837d fc02 7548 488b  .........}..uHH.
00000860: 45f0 4883 c008 488b 0048 8d35 6a05 0000  E.H...H..H.5j...
00000870: 4889 c7e8 68fe ffff 85c0 741e 488b 45f0  H...h.....t.H.E.
00000880: 4883 c008 488b 0048 8d35 4f05 0000 4889  H...H..H.5O...H.
00000890: c7e8 4afe ffff 85c0 750c 488b 45e8 c700  ..J.....u.H.E...
000008a0: 0100 0000 eb0a 488b 45e8 c700 0000 0000  ......H.E.......
000008b0: 488b 0559 1720 00c9 c355 4889 e548 83ec  H..Y. ...UH..H..
000008c0: 2048 897d e848 8975 e0c7 45f8 0000 0000   H.}.H.u..E.....
000008d0: eb5c 8b45 f883 e001 85c0 7528 8b45 f848  .\.E......u(.E.H
000008e0: 63d0 488b 45e8 4801 d00f b600 0fb6 c089  c.H.E.H.........
000008f0: c648 8d3d eb04 0000 b800 0000 00e8 cefd  .H.=............
00000900: ffff eb26 8b45 f848 63d0 488b 45e8 4801  ...&.E.Hc.H.E.H.
00000910: d00f b600 0fb6 c089 c648 8d3d c904 0000  .........H.=....
00000920: b800 0000 00e8 a6fd ffff 8345 f801 8b45  ...........E...E
00000930: f848 9848 3945 e077 99c7 45fc 0000 0000  .H.H9E.w..E.....
00000940: eb32 8b45 fc83 e001 85c0 7513 488d 3d9b  .2.E......u.H.=.
00000950: 0400 00b8 0000 0000 e873 fdff ffeb 1148  .........s.....H
00000960: 8d3d 8c04 0000 b800 0000 00e8 60fd ffff  .=..........`...
00000970: 8345 fc01 8b45 fc48 63d0 b810 0000 0048  .E...E.Hc......H
00000980: 2b45 e048 39c2 72ba 90c9 c355 4889 e548  +E.H9.r....UH..H
00000990: 83ec 5048 897d b848 8975 b064 488b 0425  ..PH.}.H.u.dH..%
000009a0: 2800 0000 4889 45f8 31c0 c745 c400 0000  (...H.E.1..E....
000009b0: 00e9 a500 0000 8b45 c448 63d0 488b 45b8  .......E.Hc.H.E.
000009c0: 4801 d00f b600 0fb6 c089 45c0 c745 c800  H.........E..E..
000009d0: 0000 00eb 438b 45c0 83e0 0185 c075 14b8  ....C.E......u..
000009e0: 0700 0000 2b45 c848 98c7 4485 d000 0000  ....+E.H..D.....
000009f0: 00eb 12b8 0700 0000 2b45 c848 98c7 4485  ........+E.H..D.
00000a00: d001 0000 008b 45c0 89c2 c1ea 1f01 d0d1  ......E.........
00000a10: f889 45c0 8345 c801 837d c807 7eb7 c745  ..E..E...}..~..E
00000a20: cc00 0000 00eb 208b 45cc 4898 8b44 85d0  ...... .E.H..D..
00000a30: 89c6 488d 3dbc 0300 00b8 0000 0000 e88d  ..H.=...........
00000a40: fcff ff83 45cc 0183 7dcc 077e dabf 2000  ....E...}..~.. .
00000a50: 0000 e849 fcff ff83 45c4 018b 45c4 4898  ...I....E...E.H.
00000a60: 4839 45b0 0f87 4cff ffff 9048 8b45 f864  H9E...L....H.E.d
00000a70: 4833 0425 2800 0000 7405 e841 fcff ffc9  H3.%(...t..A....
00000a80: c355 4889 e548 83ec 2048 897d e848 8975  .UH..H.. H.}.H.u
00000a90: e0c7 45fc 0000 0000 eb52 8b45 fc48 63d0  ..E......R.E.Hc.
00000aa0: 488b 45e8 4801 d00f b600 3c1f 7614 8b45  H.E.H.....<.v..E
00000ab0: fc48 63d0 488b 45e8 4801 d00f b600 3c7e  .Hc.H.E.H.....<~
00000ac0: 760c bf2e 0000 00e8 d4fb ffff eb1a 8b45  v..............E
00000ad0: fc48 63d0 488b 45e8 4801 d00f b600 0fb6  .Hc.H.E.H.......
00000ae0: c089 c7e8 b8fb ffff 8345 fc01 8b45 fc48  .........E...E.H
00000af0: 9848 3945 e077 a390 c9c3 5548 89e5 4883  .H9E.w....UH..H.
00000b00: ec40 4889 7dc8 6448 8b04 2528 0000 0048  .@H.}.dH..%(...H
00000b10: 8945 f831 c048 8b55 c848 8d45 e048 89d1  .E.1.H.U.H.E.H..
00000b20: ba10 0000 00be 0100 0000 4889 c7e8 7efb  ..........H...~.
00000b30: ffff 8945 d8c7 45dc 0000 0000 e981 0000  ...E..E.........
00000b40: 008b 45dc 89c6 488d 3dab 0200 00b8 0000  ..E...H.=.......
00000b50: 0000 e879 fbff ff8b 45d8 0145 dc8b 45d8  ...y....E..E..E.
00000b60: 4863 d048 8d45 e048 89d6 4889 c7e8 47fd  Hc.H.E.H..H...G.
00000b70: ffff 488d 3d79 0200 00b8 0000 0000 e84d  ..H.=y.........M
00000b80: fbff ff8b 45d8 4863 d048 8d45 e048 89d6  ....E.Hc.H.E.H..
00000b90: 4889 c7e8 e9fe ffff bf0a 0000 00e8 fefa  H...............
00000ba0: ffff 488b 55c8 488d 45e0 4889 d1ba 1000  ..H.U.H.E.H.....
00000bb0: 0000 be01 0000 0048 89c7 e8f1 faff ff89  .......H........
00000bc0: 45d8 837d d800 0f85 75ff ffff 9048 8b45  E..}....u....H.E
00000bd0: f864 4833 0425 2800 0000 7405 e8df faff  .dH3.%(...t.....
00000be0: ffc9 c355 4889 e548 83ec 3048 897d d864  ...UH..H..0H.}.d
00000bf0: 488b 0425 2800 0000 4889 45f8 31c0 488b  H..%(...H.E.1.H.
00000c00: 55d8 488d 45f2 4889 d1ba 0600 0000 be01  U.H.E.H.........
00000c10: 0000 0048 89c7 e895 faff ff89 45e8 c745  ...H........E..E
00000c20: ec00 0000 00eb 7a8b 45ec 89c6 488d 3dcb  ......z.E...H.=.
00000c30: 0100 00b8 0000 0000 e893 faff ff8b 45e8  ..............E.
00000c40: 0145 ec8b 45e8 4863 d048 8d45 f248 89d6  .E..E.Hc.H.E.H..
00000c50: 4889 c7e8 33fd ffff bf20 0000 00e8 3efa  H...3.... ....>.
00000c60: ffff 8b45 e848 63d0 488d 45f2 4889 d648  ...E.Hc.H.E.H..H
00000c70: 89c7 e80a feff ffbf 0a00 0000 e81f faff  ................
00000c80: ff48 8b55 d848 8d45 f248 89d1 ba06 0000  .H.U.H.E.H......
00000c90: 00be 0100 0000 4889 c7e8 12fa ffff 8945  ......H........E
00000ca0: e883 7de8 0075 8090 488b 45f8 6448 3304  ..}..u..H.E.dH3.
00000cb0: 2528 0000 0074 05e8 04fa ffff c9c3 5548  %(...t........UH
00000cc0: 89e5 4883 ec30 897d dc48 8975 d064 488b  ..H..0.}.H.u.dH.
00000cd0: 0425 2800 0000 4889 45f8 31c0 c745 ec00  .%(...H.E.1..E..
00000ce0: 0000 0048 8d55 ec48 8b4d d08b 45dc 4889  ...H.U.H.M..E.H.
00000cf0: ce89 c7e8 22fb ffff 4889 45f0 8b45 ec85  ...."...H.E..E..
00000d00: c075 0e48 8b45 f048 89c7 e8eb fdff ffeb  .u.H.E.H........
00000d10: 0c48 8b45 f048 89c7 e8c6 feff ffb8 0000  .H.E.H..........
00000d20: 0000 488b 4df8 6448 330c 2528 0000 0074  ..H.M.dH3.%(...t
00000d30: 05e8 8af9 ffff c9c3 0f1f 8400 0000 0000  ................
00000d40: 4157 4156 4989 d741 5541 544c 8d25 3e10  AWAVI..AUATL.%>.
00000d50: 2000 5548 8d2d 3e10 2000 5341 89fd 4989   .UH.->. .SA..I.
00000d60: f64c 29e5 4883 ec08 48c1 fd03 e8ff f8ff  .L).H...H.......
00000d70: ff48 85ed 7420 31db 0f1f 8400 0000 0000  .H..t 1.........
00000d80: 4c89 fa4c 89f6 4489 ef41 ff14 dc48 83c3  L..L..D..A...H..
00000d90: 0148 39dd 75ea 4883 c408 5b5d 415c 415d  .H9.u.H...[]A\A]
00000da0: 415e 415f c390 662e 0f1f 8400 0000 0000  A^A_..f.........
00000db0: f3c3 0000 4883 ec08 4883 c408 c300 0000  ....H...H.......
00000dc0: 0100 0200 5573 6167 653a 2025 7320 5b2d  ....Usage: %s [-
00000dd0: 627c 2d62 6974 735d 0a00 2d62 002d 6269  b|-bits]..-b.-bi
00000de0: 7473 0020 2530 3278 0025 3032 7800 2020  ts. %02x.%02x.  
00000df0: 2000 2020 0025 6400 2530 3878 3a00 2530   .  .%d.%08x:.%0
00000e00: 3878 3a20 0000 0000 011b 033b 6c00 0000  8x: .......;l...
00000e10: 0c00 0000 88f8 ffff b800 0000 f8f8 ffff  ................
00000e20: e000 0000 08f9 ffff 8800 0000 12fa ffff  ................
00000e30: f800 0000 b1fa ffff 1801 0000 83fb ffff  ................
00000e40: 3801 0000 79fc ffff 5801 0000 f2fc ffff  8...y...X.......
00000e50: 7801 0000 dbfd ffff 9801 0000 b6fe ffff  x...............
00000e60: b801 0000 38ff ffff d801 0000 a8ff ffff  ....8...........
00000e70: 2002 0000 0000 0000 1400 0000 0000 0000   ...............
00000e80: 017a 5200 0178 1001 1b0c 0708 9001 0710  .zR..x..........
00000e90: 1400 0000 1c00 0000 78f8 ffff 2b00 0000  ........x...+...
00000ea0: 0000 0000 0000 0000 1400 0000 0000 0000  ................
00000eb0: 017a 5200 0178 1001 1b0c 0708 9001 0000  .zR..x..........
00000ec0: 2400 0000 1c00 0000 c8f7 ffff 7000 0000  $...........p...
00000ed0: 000e 1046 0e18 4a0f 0b77 0880 003f 1a3b  ...F..J..w...?.;
00000ee0: 2a33 2422 0000 0000 1400 0000 4400 0000  *3$"........D...
00000ef0: 10f8 ffff 0800 0000 0000 0000 0000 0000  ................
00000f00: 1c00 0000 5c00 0000 12f9 ffff 9f00 0000  ....\...........
00000f10: 0041 0e10 8602 430d 0602 9a0c 0708 0000  .A....C.........
00000f20: 1c00 0000 7c00 0000 91f9 ffff d200 0000  ....|...........
00000f30: 0041 0e10 8602 430d 0602 cd0c 0708 0000  .A....C.........
00000f40: 1c00 0000 9c00 0000 43fa ffff f600 0000  ........C.......
00000f50: 0041 0e10 8602 430d 0602 f10c 0708 0000  .A....C.........
00000f60: 1c00 0000 bc00 0000 19fb ffff 7900 0000  ............y...
00000f70: 0041 0e10 8602 430d 0602 740c 0708 0000  .A....C...t.....
00000f80: 1c00 0000 dc00 0000 72fb ffff e900 0000  ........r.......
00000f90: 0041 0e10 8602 430d 0602 e40c 0708 0000  .A....C.........
00000fa0: 1c00 0000 fc00 0000 3bfc ffff db00 0000  ........;.......
00000fb0: 0041 0e10 8602 430d 0602 d60c 0708 0000  .A....C.........
00000fc0: 1c00 0000 1c01 0000 f6fc ffff 7a00 0000  ............z...
00000fd0: 0041 0e10 8602 430d 0602 750c 0708 0000  .A....C...u.....
00000fe0: 4400 0000 3c01 0000 58fd ffff 6500 0000  D...<...X...e...
00000ff0: 0042 0e10 8f02 420e 188e 0345 0e20 8d04  .B....B....E. ..
00001000: 420e 288c 0548 0e30 8606 480e 3883 074d  B.(..H.0..H.8..M
00001010: 0e40 720e 3841 0e30 410e 2842 0e20 420e  .@r.8A.0A.(B. B.
00001020: 1842 0e10 420e 0800 1000 0000 8401 0000  .B..B...........
00001030: 80fd ffff 0200 0000 0000 0000 0000 0000  ................
00001040: 0000 0000 0000 0000 0000 0000 0000 0000  ................
00001050: 0000 0000 0000 0000 0000 0000 0000 0000  ................
00001060: 0000 0000 0000 0000 0000 0000 0000 0000  ................
00001070: 0000 0000 0000 0000 0000 0000 0000 0000  ................
00001080: 0000 0000 0000 0000 0000 0000 0000 0000  ................
00001090: 0000 0000 0000 0000 0000 0000 0000 0000  ................
000010a0: 0000 0000 0000 0000 0000 0000 0000 0000  ................
000010b0: 0000 0000 0000 0000 0000 0000 0000 0000  ................
000010c0: 0000 0000 0000 0000 0000 0000 0000 0000  ................
000010d0: 0000 0000 0000 0000 0000 0000 0000 0000  ................
000010e0: 0000 0000 0000 0000 0000 0000 0000 0000  ................
000010f0: 0000 0000 0000 0000 0000 0000 0000 0000  ................
00001100: 0000 0000 0000 0000 0000 0000 0000 0000  ................
00001110: 0000 0000 0000 0000 0000 0000 0000 0000  ................
00001120: 0000 0000 0000 0000 0000 0000 0000 0000  ................
00001130: 0000 0000 0000 0000 0000 0000 0000 0000  ................
00001140: 0000 0000 0000 0000 0000 0000 0000 0000  ................
00001150: 0000 0000 0000 0000 0000 0000 0000 0000  ................
00001160: 0000 0000 0000 0000 0000 0000 0000 0000  ................
00001170: 0000 0000 0000 0000 0000 0000 0000 0000  ................
00001180: 0000 0000 0000 0000 0000 0000 0000 0000  ................
00001190: 0000 0000 0000 0000 0000 0000 0000 0000  ................
000011a0: 0000 0000 0000 0000 0000 0000 0000 0000  ................
000011b0: 0000 0000 0000 0000 0000 0000 0000 0000  ................
000011c0: 0000 0000 0000 0000 0000 0000 0000 0000  ................
000011d0: 0000 0000 0000 0000 0000 0000 0000 0000  ................
000011e0: 0000 0000 0000 0000 0000 0000 0000 0000  ................
000011f0: 0000 0000 0000 0000 0000 0000 0000 0000  ................
00001200: 0000 0000 0000 0000 0000 0000 0000 0000  ................
00001210: 0000 0000 0000 0000 0000 0000 0000 0000  ................
00001220: 0000 0000 0000 0000 0000 0000 0000 0000  ................
00001230: 0000 0000 0000 0000 0000 0000 0000 0000  ................
00001240: 0000 0000 0000 0000 0000 0000 0000 0000  ................
00001250: 0000 0000 0000 0000 0000 0000 0000 0000  ................
00001260: 0000 0000 0000 0000 0000 0000 0000 0000  ................
00001270: 0000 0000 0000 0000 0000 0000 0000 0000  ................
00001280: 0000 0000 0000 0000 0000 0000 0000 0000  ................
00001290: 0000 0000 0000 0000 0000 0000 0000 0000  ................
000012a0: 0000 0000 0000 0000 0000 0000 0000 0000  ................
000012b0: 0000 0000 0000 0000 0000 0000 0000 0000  ................
000012c0: 0000 0000 0000 0000 0000 0000 0000 0000  ................
000012d0: 0000 0000 0000 0000 0000 0000 0000 0000  ................
000012e0: 0000 0000 0000 0000 0000 0000 0000 0000  ................
000012f0: 0000 0000 0000 0000 0000 0000 0000 0000  ................
00001300: 0000 0000 0000 0000 0000 0000 0000 0000  ................
00001310: 0000 0000 0000 0000 0000 0000 0000 0000  ................
00001320: 0000 0000 0000 0000 0000 0000 0000 0000  ................
00001330: 0000 0000 0000 0000 0000 0000 0000 0000  ................
00001340: 0000 0000 0000 0000 0000 0000 0000 0000  ................
00001350: 0000 0000 0000 0000 0000 0000 0000 0000  ................
00001360: 0000 0000 0000 0000 0000 0000 0000 0000  ................
00001370: 0000 0000 0000 0000 0000 0000 0000 0000  ................
00001380: 0000 0000 0000 0000 0000 0000 0000 0000  ................
00001390: 0000 0000 0000 0000 0000 0000 0000 0000  ................
000013a0: 0000 0000 0000 0000 0000 0000 0000 0000  ................
000013b0: 0000 0000 0000 0000 0000 0000 0000 0000  ................
000013c0: 0000 0000 0000 0000 0000 0000 0000 0000  ................
000013d0: 0000 0000 0000 0000 0000 0000 0000 0000  ................
000013e0: 0000 0000 0000 0000 0000 0000 0000 0000  ................
000013f0: 0000 0000 0000 0000 0000 0000 0000 0000  ................
00001400: 0000 0000 0000 0000 0000 0000 0000 0000  ................
00001410: 0000 0000 0000 0000 0000 0000 0000 0000  ................
00001420: 0000 0000 0000 0000 0000 0000 0000 0000  ................
00001430: 0000 0000 0000 0000 0000 0000 0000 0000  ................
00001440: 0000 0000 0000 0000 0000 0000 0000 0000  ................
00001450: 0000 0000 0000 0000 0000 0000 0000 0000  ................
00001460: 0000 0000 0000 0000 0000 0000 0000 0000  ................
00001470: 0000 0000 0000 0000 0000 0000 0000 0000  ................
00001480: 0000 0000 0000 0000 0000 0000 0000 0000  ................
00001490: 0000 0000 0000 0000 0000 0000 0000 0000  ................
000014a0: 0000 0000 0000 0000 0000 0000 0000 0000  ................
000014b0: 0000 0000 0000 0000 0000 0000 0000 0000  ................
000014c0: 0000 0000 0000 0000 0000 0000 0000 0000  ................
000014d0: 0000 0000 0000 0000 0000 0000 0000 0000  ................
000014e0: 0000 0000 0000 0000 0000 0000 0000 0000  ................
000014f0: 0000 0000 0000 0000 0000 0000 0000 0000  ................
00001500: 0000 0000 0000 0000 0000 0000 0000 0000  ................
00001510: 0000 0000 0000 0000 0000 0000 0000 0000  ................
00001520: 0000 0000 0000 0000 0000 0000 0000 0000  ................
00001530: 0000 0000 0000 0000 0000 0000 0000 0000  ................
00001540: 0000 0000 0000 0000 0000 0000 0000 0000  ................
00001550: 0000 0000 0000 0000 0000 0000 0000 0000  ................
00001560: 0000 0000 0000 0000 0000 0000 0000 0000  ................
00001570: 0000 0000 0000 0000 0000 0000 0000 0000  ................
00001580: 0000 0000 0000 0000 0000 0000 0000 0000  ................
00001590: 0000 0000 0000 0000 0000 0000 0000 0000  ................
000015a0: 0000 0000 0000 0000 0000 0000 0000 0000  ................
000015b0: 0000 0000 0000 0000 0000 0000 0000 0000  ................
000015c0: 0000 0000 0000 0000 0000 0000 0000 0000  ................
000015d0: 0000 0000 0000 0000 0000 0000 0000 0000  ................
000015e0: 0000 0000 0000 0000 0000 0000 0000 0000  ................
000015f0: 0000 0000 0000 0000 0000 0000 0000 0000  ................
00001600: 0000 0000 0000 0000 0000 0000 0000 0000  ................
00001610: 0000 0000 0000 0000 0000 0000 0000 0000  ................
00001620: 0000 0000 0000 0000 0000 0000 0000 0000  ................
00001630: 0000 0000 0000 0000 0000 0000 0000 0000  ................
00001640: 0000 0000 0000 0000 0000 0000 0000 0000  ................
00001650: 0000 0000 0000 0000 0000 0000 0000 0000  ................
00001660: 0000 0000 0000 0000 0000 0000 0000 0000  ................
00001670: 0000 0000 0000 0000 0000 0000 0000 0000  ................
00001680: 0000 0000 0000 0000 0000 0000 0000 0000  ................
00001690: 0000 0000 0000 0000 0000 0000 0000 0000  ................
000016a0: 0000 0000 0000 0000 0000 0000 0000 0000  ................
000016b0: 0000 0000 0000 0000 0000 0000 0000 0000  ................
000016c0: 0000 0000 0000 0000 0000 0000 0000 0000  ................
000016d0: 0000 0000 0000 0000 0000 0000 0000 0000  ................
000016e0: 0000 0000 0000 0000 0000 0000 0000 0000  ................
000016f0: 0000 0000 0000 0000 0000 0000 0000 0000  ................
00001700: 0000 0000 0000 0000 0000 0000 0000 0000  ................
00001710: 0000 0000 0000 0000 0000 0000 0000 0000  ................
00001720: 0000 0000 0000 0000 0000 0000 0000 0000  ................
00001730: 0000 0000 0000 0000 0000 0000 0000 0000  ................
00001740: 0000 0000 0000 0000 0000 0000 0000 0000  ................
00001750: 0000 0000 0000 0000 0000 0000 0000 0000  ................
00001760: 0000 0000 0000 0000 0000 0000 0000 0000  ................
00001770: 0000 0000 0000 0000 0000 0000 0000 0000  ................
00001780: 0000 0000 0000 0000 0000 0000 0000 0000  ................
00001790: 0000 0000 0000 0000 0000 0000 0000 0000  ................
000017a0: 0000 0000 0000 0000 0000 0000 0000 0000  ................
000017b0: 0000 0000 0000 0000 0000 0000 0000 0000  ................
000017c0: 0000 0000 0000 0000 0000 0000 0000 0000  ................
000017d0: 0000 0000 0000 0000 0000 0000 0000 0000  ................
000017e0: 0000 0000 0000 0000 0000 0000 0000 0000  ................
000017f0: 0000 0000 0000 0000 0000 0000 0000 0000  ................
00001800: 0000 0000 0000 0000 0000 0000 0000 0000  ................
00001810: 0000 0000 0000 0000 0000 0000 0000 0000  ................
00001820: 0000 0000 0000 0000 0000 0000 0000 0000  ................
00001830: 0000 0000 0000 0000 0000 0000 0000 0000  ................
00001840: 0000 0000 0000 0000 0000 0000 0000 0000  ................
00001850: 0000 0000 0000 0000 0000 0000 0000 0000  ................
00001860: 0000 0000 0000 0000 0000 0000 0000 0000  ................
00001870: 0000 0000 0000 0000 0000 0000 0000 0000  ................
00001880: 0000 0000 0000 0000 0000 0000 0000 0000  ................
00001890: 0000 0000 0000 0000 0000 0000 0000 0000  ................
000018a0: 0000 0000 0000 0000 0000 0000 0000 0000  ................
000018b0: 0000 0000 0000 0000 0000 0000 0000 0000  ................
000018c0: 0000 0000 0000 0000 0000 0000 0000 0000  ................
000018d0: 0000 0000 0000 0000 0000 0000 0000 0000  ................
000018e0: 0000 0000 0000 0000 0000 0000 0000 0000  ................
000018f0: 0000 0000 0000 0000 0000 0000 0000 0000  ................
00001900: 0000 0000 0000 0000 0000 0000 0000 0000  ................
00001910: 0000 0000 0000 0000 0000 0000 0000 0000  ................
00001920: 0000 0000 0000 0000 0000 0000 0000 0000  ................
00001930: 0000 0000 0000 0000 0000 0000 0000 0000  ................
00001940: 0000 0000 0000 0000 0000 0000 0000 0000  ................
00001950: 0000 0000 0000 0000 0000 0000 0000 0000  ................
00001960: 0000 0000 0000 0000 0000 0000 0000 0000  ................
00001970: 0000 0000 0000 0000 0000 0000 0000 0000  ................
00001980: 0000 0000 0000 0000 0000 0000 0000 0000  ................
00001990: 0000 0000 0000 0000 0000 0000 0000 0000  ................
000019a0: 0000 0000 0000 0000 0000 0000 0000 0000  ................
000019b0: 0000 0000 0000 0000 0000 0000 0000 0000  ................
000019c0: 0000 0000 0000 0000 0000 0000 0000 0000  ................
000019d0: 0000 0000 0000 0000 0000 0000 0000 0000  ................
000019e0: 0000 0000 0000 0000 0000 0000 0000 0000  ................
000019f0: 0000 0000 0000 0000 0000 0000 0000 0000  ................
00001a00: 0000 0000 0000 0000 0000 0000 0000 0000  ................
00001a10: 0000 0000 0000 0000 0000 0000 0000 0000  ................
00001a20: 0000 0000 0000 0000 0000 0000 0000 0000  ................
00001a30: 0000 0000 0000 0000 0000 0000 0000 0000  ................
00001a40: 0000 0000 0000 0000 0000 0000 0000 0000  ................
00001a50: 0000 0000 0000 0000 0000 0000 0000 0000  ................
00001a60: 0000 0000 0000 0000 0000 0000 0000 0000  ................
00001a70: 0000 0000 0000 0000 0000 0000 0000 0000  ................
00001a80: 0000 0000 0000 0000 0000 0000 0000 0000  ................
00001a90: 0000 0000 0000 0000 0000 0000 0000 0000  ................
00001aa0: 0000 0000 0000 0000 0000 0000 0000 0000  ................
00001ab0: 0000 0000 0000 0000 0000 0000 0000 0000  ................
00001ac0: 0000 0000 0000 0000 0000 0000 0000 0000  ................
00001ad0: 0000 0000 0000 0000 0000 0000 0000 0000  ................
00001ae0: 0000 0000 0000 0000 0000 0000 0000 0000  ................
00001af0: 0000 0000 0000 0000 0000 0000 0000 0000  ................
00001b00: 0000 0000 0000 0000 0000 0000 0000 0000  ................
00001b10: 0000 0000 0000 0000 0000 0000 0000 0000  ................
00001b20: 0000 0000 0000 0000 0000 0000 0000 0000  ................
00001b30: 0000 0000 0000 0000 0000 0000 0000 0000  ................
00001b40: 0000 0000 0000 0000 0000 0000 0000 0000  ................
00001b50: 0000 0000 0000 0000 0000 0000 0000 0000  ................
00001b60: 0000 0000 0000 0000 0000 0000 0000 0000  ................
00001b70: 0000 0000 0000 0000 0000 0000 0000 0000  ................
00001b80: 0000 0000 0000 0000 0000 0000 0000 0000  ................
00001b90: 0000 0000 0000 0000 0000 0000 0000 0000  ................
00001ba0: 0000 0000 0000 0000 0000 0000 0000 0000  ................
00001bb0: 0000 0000 0000 0000 0000 0000 0000 0000  ................
00001bc0: 0000 0000 0000 0000 0000 0000 0000 0000  ................
00001bd0: 0000 0000 0000 0000 0000 0000 0000 0000  ................
00001be0: 0000 0000 0000 0000 0000 0000 0000 0000  ................
00001bf0: 0000 0000 0000 0000 0000 0000 0000 0000  ................
00001c00: 0000 0000 0000 0000 0000 0000 0000 0000  ................
00001c10: 0000 0000 0000 0000 0000 0000 0000 0000  ................
00001c20: 0000 0000 0000 0000 0000 0000 0000 0000  ................
00001c30: 0000 0000 0000 0000 0000 0000 0000 0000  ................
00001c40: 0000 0000 0000 0000 0000 0000 0000 0000  ................
00001c50: 0000 0000 0000 0000 0000 0000 0000 0000  ................
00001c60: 0000 0000 0000 0000 0000 0000 0000 0000  ................
00001c70: 0000 0000 0000 0000 0000 0000 0000 0000  ................
00001c80: 0000 0000 0000 0000 0000 0000 0000 0000  ................
00001c90: 0000 0000 0000 0000 0000 0000 0000 0000  ................
00001ca0: 0000 0000 0000 0000 0000 0000 0000 0000  ................
00001cb0: 0000 0000 0000 0000 0000 0000 0000 0000  ................
00001cc0: 0000 0000 0000 0000 0000 0000 0000 0000  ................
00001cd0: 0000 0000 0000 0000 0000 0000 0000 0000  ................
00001ce0: 0000 0000 0000 0000 0000 0000 0000 0000  ................
00001cf0: 0000 0000 0000 0000 0000 0000 0000 0000  ................
00001d00: 0000 0000 0000 0000 0000 0000 0000 0000  ................
00001d10: 0000 0000 0000 0000 0000 0000 0000 0000  ................
00001d20: 0000 0000 0000 0000 0000 0000 0000 0000  ................
00001d30: 0000 0000 0000 0000 0000 0000 0000 0000  ................
00001d40: 0000 0000 0000 0000 0000 0000 0000 0000  ................
00001d50: 0000 0000 0000 0000 0000 0000 0000 0000  ................
00001d60: 0000 0000 0000 0000 0000 0000 0000 0000  ................
00001d70: 0000 0000 0000 0000 0000 0000 0000 0000  ................
00001d80: 0000 0000 0000 0000 0000 0000 0000 0000  ................
00001d90: 1008 0000 0000 0000 d007 0000 0000 0000  ................
00001da0: 0100 0000 0000 0000 0100 0000 0000 0000  ................
00001db0: 0c00 0000 0000 0000 7006 0000 0000 0000  ........p.......
00001dc0: 0d00 0000 0000 0000 b40d 0000 0000 0000  ................
00001dd0: 1900 0000 0000 0000 901d 2000 0000 0000  .......... .....
00001de0: 1b00 0000 0000 0000 0800 0000 0000 0000  ................
00001df0: 1a00 0000 0000 0000 981d 2000 0000 0000  .......... .....
00001e00: 1c00 0000 0000 0000 0800 0000 0000 0000  ................
00001e10: f5fe ff6f 0000 0000 9802 0000 0000 0000  ...o............
00001e20: 0500 0000 0000 0000 f803 0000 0000 0000  ................
00001e30: 0600 0000 0000 0000 c002 0000 0000 0000  ................
00001e40: 0a00 0000 0000 0000 bf00 0000 0000 0000  ................
00001e50: 0b00 0000 0000 0000 1800 0000 0000 0000  ................
00001e60: 1500 0000 0000 0000 0000 0000 0000 0000  ................
00001e70: 0300 0000 0000 0000 901f 2000 0000 0000  .......... .....
00001e80: 0200 0000 0000 0000 9000 0000 0000 0000  ................
00001e90: 1400 0000 0000 0000 0700 0000 0000 0000  ................
00001ea0: 1700 0000 0000 0000 e005 0000 0000 0000  ................
00001eb0: 0700 0000 0000 0000 0805 0000 0000 0000  ................
00001ec0: 0800 0000 0000 0000 d800 0000 0000 0000  ................
00001ed0: 0900 0000 0000 0000 1800 0000 0000 0000  ................
00001ee0: 1e00 0000 0000 0000 0800 0000 0000 0000  ................
00001ef0: fbff ff6f 0000 0000 0100 0008 0000 0000  ...o............
00001f00: feff ff6f 0000 0000 d804 0000 0000 0000  ...o............
00001f10: ffff ff6f 0000 0000 0100 0000 0000 0000  ...o............
00001f20: f0ff ff6f 0000 0000 b804 0000 0000 0000  ...o............
00001f30: f9ff ff6f 0000 0000 0300 0000 0000 0000  ...o............
00001f40: 0000 0000 0000 0000 0000 0000 0000 0000  ................
00001f50: 0000 0000 0000 0000 0000 0000 0000 0000  ................
00001f60: 0000 0000 0000 0000 0000 0000 0000 0000  ................
00001f70: 0000 0000 0000 0000 0000 0000 0000 0000  ................
00001f80: 0000 0000 0000 0000 0000 0000 0000 0000  ................
00001f90: a01d 2000 0000 0000 0000 0000 0000 0000  .. .............
00001fa0: 0000 0000 0000 0000 a606 0000 0000 0000  ................
00001fb0: b606 0000 0000 0000 c606 0000 0000 0000  ................
00001fc0: d606 0000 0000 0000 e606 0000 0000 0000  ................
00001fd0: f606 0000 0000 0000 0000 0000 0000 0000  ................
00001fe0: 0000 0000 0000 0000 0000 0000 0000 0000  ................
00001ff0: 0000 0000 0000 0000 0000 0000 0000 0000  ................
00002000: 0000 0000 0000 0000 0820 2000 0000 0000  .........  .....
00002010: 4743 433a 2028 5562 756e 7475 2037 2e35  GCC: (Ubuntu 7.5
00002020: 2e30 2d33 7562 756e 7475 317e 3138 2e30  .0-3ubuntu1~18.0
00002030: 3429 2037 2e35 2e30 002c 0000 0002 0000  4) 7.5.0.,......
00002040: 0000 0008 0000 0000 001a 0800 0000 0000  ................
00002050: 001e 0500 0000 0000 0000 0000 0000 0000  ................
00002060: 0000 0000 0000 0000 003c 0600 0004 0000  .........<......
00002070: 0000 0008 012d 0000 000c 5102 0000 e302  .....-....Q.....
00002080: 0000 1a08 0000 0000 0000 1e05 0000 0000  ................
00002090: 0000 0000 0000 021c 0000 0002 d838 0000  .............8..
000020a0: 0003 0807 9600 0000 0301 082b 0200 0003  ...........+....
000020b0: 0207 8401 0000 0304 079b 0000 0003 0106  ................
000020c0: 2d02 0000 0302 0559 0200 0004 0405 696e  -......Y......in
000020d0: 7400 0308 05bd 0000 0002 0000 0000 038c  t...............
000020e0: 6900 0000 029b 0200 0003 8d69 0000 0005  i..........i....
000020f0: 0806 088e 0000 0003 0106 3402 0000 078e  ..........4.....
00002100: 0000 0008 0802 0000 d804 f51a 0200 0009  ................
00002110: eb00 0000 04f6 6200 0000 0009 0800 0000  ......b.........
00002120: 04fb 8800 0000 0809 ce00 0000 04fc 8800  ................
00002130: 0000 1009 a502 0000 04fd 8800 0000 1809  ................
00002140: 3303 0000 04fe 8800 0000 2009 5d01 0000  3......... .]...
00002150: 04ff 8800 0000 280a ef01 0000 0400 0188  ......(.........
00002160: 0000 0030 0a84 0000 0004 0101 8800 0000  ...0............
00002170: 380a f200 0000 0402 0188 0000 0040 0a97  8............@..
00002180: 0100 0004 0401 8800 0000 480a 1903 0000  ..........H.....
00002190: 0405 0188 0000 0050 0ab3 0200 0004 0601  .......P........
000021a0: 8800 0000 580a 2202 0000 0408 015d 0200  ....X."......]..
000021b0: 0060 0a15 0000 0004 0a01 6302 0000 680a  .`........c...h.
000021c0: c600 0000 040c 0162 0000 0070 0aab 0100  .......b...p....
000021d0: 0004 1001 6200 0000 740a 0a01 0000 0412  ....b...t.......
000021e0: 0170 0000 0078 0afe 0000 0004 1601 4600  .p...x........F.
000021f0: 0000 800a 6302 0000 0417 0154 0000 0082  ....c......T....
00002200: 0a23 0000 0004 1801 6902 0000 830a a501  .#......i.......
00002210: 0000 041c 0179 0200 0088 0a0e 0100 0004  .....y..........
00002220: 2501 7b00 0000 900a c002 0000 042d 0186  %.{..........-..
00002230: 0000 0098 0ac7 0200 0004 2e01 8600 0000  ................
00002240: a00a ce02 0000 042f 0186 0000 00a8 0ad5  ......./........
00002250: 0200 0004 3001 8600 0000 b00a dc02 0000  ....0...........
00002260: 0432 012d 0000 00b8 0ab3 0100 0004 3301  .2.-..........3.
00002270: 6200 0000 c00a 0403 0000 0435 017f 0200  b..........5....
00002280: 00c4 0002 0c02 0000 0507 9a00 0000 0bfd  ................
00002290: 0100 0004 9a08 2701 0000 1804 a05d 0200  ......'......]..
000022a0: 0009 9502 0000 04a1 5d02 0000 0009 7401  ........].....t.
000022b0: 0000 04a2 6302 0000 0809 1102 0000 04a6  ....c...........
000022c0: 6200 0000 1000 0608 2c02 0000 0608 9a00  b.......,.......
000022d0: 0000 0c8e 0000 0079 0200 000d 3800 0000  .......y....8...
000022e0: 0000 0608 2502 0000 0c8e 0000 008f 0200  ....%...........
000022f0: 000d 3800 0000 1300 0e4f 0100 000f c001  ..8......O......
00002300: 0000 043f 018f 0200 000f 7202 0000 0440  ...?......r....@
00002310: 018f 0200 000f 7400 0000 0441 018f 0200  ......t....A....
00002320: 0006 0895 0000 0007 b802 0000 1032 0100  .............2..
00002330: 0006 8763 0200 0010 b901 0000 0688 6302  ...c..........c.
00002340: 0000 100d 0300 0006 8963 0200 0010 6b01  .........c....k.
00002350: 0000 071a 6200 0000 0cbe 0200 00fa 0200  ....b...........
00002360: 0011 0007 ef02 0000 1016 0200 0007 1bfa  ................
00002370: 0200 0003 0805 b800 0000 0308 0791 0000  ................
00002380: 0012 2e03 0000 0197 6200 0000 be0c 0000  ........b.......
00002390: 0000 0000 7a00 0000 0000 0000 019c 7203  ....z.........r.
000023a0: 0000 1329 0300 0001 9762 0000 0002 914c  ...).....b.....L
000023b0: 1314 0300 0001 9772 0300 0002 9140 14e6  .......r.....@..
000023c0: 0000 0001 9862 0000 0002 915c 1482 0200  .....b.....\....
000023d0: 0001 9978 0300 0002 9160 0006 0888 0000  ...x.....`......
000023e0: 0006 081a 0200 0015 3902 0000 0187 e30b  ........9.......
000023f0: 0000 0000 0000 db00 0000 0000 0000 019c  ................
00002400: d403 0000 1382 0200 0001 8778 0300 0002  ...........x....
00002410: 9148 147a 0100 0001 88d4 0300 0002 9162  .H.z...........b
00002420: 1488 0200 0001 8962 0000 0002 9158 140f  .......b.....X..
00002430: 0100 0001 8a4d 0000 0002 915c 000c 3f00  .....M.....\..?.
00002440: 0000 e403 0000 0d38 0000 0005 0015 3801  .......8......8.
00002450: 0000 0171 fa0a 0000 0000 0000 e900 0000  ...q............
00002460: 0000 0000 019c 3b04 0000 1382 0200 0001  ......;.........
00002470: 7178 0300 0003 91b8 7f14 7a01 0000 0172  qx........z....r
00002480: 3b04 0000 0291 5014 8802 0000 0173 6200  ;.....P......sb.
00002490: 0000 0291 4814 0f01 0000 0174 4d00 0000  ....H......tM...
000024a0: 0291 4c00 0c3f 0000 004b 0400 000d 3800  ..L..?...K....8.
000024b0: 0000 0f00 1516 0100 0001 6481 0a00 0000  ..........d.....
000024c0: 0000 0079 0000 0000 0000 0001 9ca3 0400  ...y............
000024d0: 0013 7a01 0000 0164 a304 0000 0291 5813  ..z....d......X.
000024e0: 7f01 0000 0164 2d00 0000 0291 5016 910a  .....d-.....P...
000024f0: 0000 0000 0000 6600 0000 0000 0000 1769  ......f........i
00002500: 0001 6562 0000 0002 916c 0000 0608 3f00  ..eb.....l....?.
00002510: 0000 15a8 0000 0001 428b 0900 0000 0000  ........B.......
00002520: 00f6 0000 0000 0000 0001 9c63 0500 0013  ...........c....
00002530: 7a01 0000 0142 a304 0000 0391 a87f 137f  z....B..........
00002540: 0100 0001 422d 0000 0003 91a0 7f14 e600  ....B-..........
00002550: 0000 0143 6305 0000 0291 4014 db00 0000  ...Cc.....@.....
00002560: 0144 6200 0000 0391 b07f 16aa 0900 0000  .Db.............
00002570: 0000 00c0 0000 0000 0000 0017 6900 0146  ............i..F
00002580: 6200 0000 0391 b47f 18cc 0900 0000 0000  b...............
00002590: 0052 0000 0000 0000 0042 0500 0017 6a00  .R.......B....j.
000025a0: 0148 6200 0000 0391 b87f 0016 1e0a 0000  .Hb.............
000025b0: 0000 0000 2f00 0000 0000 0000 1763 0001  ..../........c..
000025c0: 5262 0000 0003 91bc 7f00 0000 0c62 0000  Rb...........b..
000025d0: 0073 0500 000d 3800 0000 0700 15cf 0100  .s....8.........
000025e0: 0001 2cb9 0800 0000 0000 00d2 0000 0000  ..,.............
000025f0: 0000 0001 9ced 0500 0013 7a01 0000 012c  ..........z....,
00002600: a304 0000 0291 5813 7f01 0000 012c 2d00  ......X......,-.
00002610: 0000 0291 5018 c908 0000 0000 0000 7000  ....P.........p.
00002620: 0000 0000 0000 ce05 0000 1769 0001 2d62  ...........i..-b
00002630: 0000 0002 9168 0016 3909 0000 0000 0000  .....h..9.......
00002640: 4f00 0000 0000 0000 1769 0001 3662 0000  O........i..6b..
00002650: 0002 916c 0000 12de 0100 0001 1478 0300  ...l.........x..
00002660: 001a 0800 0000 0000 009f 0000 0000 0000  ................
00002670: 0001 9c39 0600 0013 2903 0000 0114 6200  ...9....).....b.
00002680: 0000 0291 6c13 1403 0000 0114 7203 0000  ....l.......r...
00002690: 0291 6013 e600 0000 0114 3906 0000 0291  ..`.......9.....
000026a0: 5800 0608 6200 0000 0001 1101 250e 130b  X...b.......%...
000026b0: 030e 1b0e 1101 1207 1017 0000 0216 0003  ................
000026c0: 0e3a 0b3b 0b49 1300 0003 2400 0b0b 3e0b  .:.;.I....$...>.
000026d0: 030e 0000 0424 000b 0b3e 0b03 0800 0005  .....$...>......
000026e0: 0f00 0b0b 0000 060f 000b 0b49 1300 0007  ...........I....
000026f0: 2600 4913 0000 0813 0103 0e0b 0b3a 0b3b  &.I..........:.;
00002700: 0b01 1300 0009 0d00 030e 3a0b 3b0b 4913  ..........:.;.I.
00002710: 380b 0000 0a0d 0003 0e3a 0b3b 0549 1338  8........:.;.I.8
00002720: 0b00 000b 1600 030e 3a0b 3b0b 0000 0c01  ........:.;.....
00002730: 0149 1301 1300 000d 2100 4913 2f0b 0000  .I......!.I./...
00002740: 0e13 0003 0e3c 1900 000f 3400 030e 3a0b  .....<....4...:.
00002750: 3b05 4913 3f19 3c19 0000 1034 0003 0e3a  ;.I.?.<....4...:
00002760: 0b3b 0b49 133f 193c 1900 0011 2100 0000  .;.I.?.<....!...
00002770: 122e 013f 1903 0e3a 0b3b 0b27 1949 1311  ...?...:.;.'.I..
00002780: 0112 0740 1896 4219 0113 0000 1305 0003  ...@..B.........
00002790: 0e3a 0b3b 0b49 1302 1800 0014 3400 030e  .:.;.I......4...
000027a0: 3a0b 3b0b 4913 0218 0000 152e 013f 1903  :.;.I........?..
000027b0: 0e3a 0b3b 0b27 1911 0112 0740 1896 4219  .:.;.'.....@..B.
000027c0: 0113 0000 160b 0111 0112 0700 0017 3400  ..............4.
000027d0: 0308 3a0b 3b0b 4913 0218 0000 180b 0111  ..:.;.I.........
000027e0: 0112 0701 1300 0000 ea01 0000 0200 e700  ................
000027f0: 0000 0101 fb0e 0d00 0101 0101 0000 0001  ................
00002800: 0000 012f 7573 722f 6c69 622f 6763 632f  .../usr/lib/gcc/
00002810: 7838 365f 3634 2d6c 696e 7578 2d67 6e75  x86_64-linux-gnu
00002820: 2f37 2f69 6e63 6c75 6465 002f 7573 722f  /7/include./usr/
00002830: 696e 636c 7564 652f 7838 365f 3634 2d6c  include/x86_64-l
00002840: 696e 7578 2d67 6e75 2f62 6974 7300 2f75  inux-gnu/bits./u
00002850: 7372 2f69 6e63 6c75 6465 2f78 3836 5f36  sr/include/x86_6
00002860: 342d 6c69 6e75 782d 676e 752f 6269 7473  4-linux-gnu/bits
00002870: 2f74 7970 6573 002f 7573 722f 696e 636c  /types./usr/incl
00002880: 7564 6500 006d 7978 7864 2e63 0000 0000  ude..myxxd.c....
00002890: 7374 6464 6566 2e68 0001 0000 7479 7065  stddef.h....type
000028a0: 732e 6800 0200 006c 6962 696f 2e68 0002  s.h....libio.h..
000028b0: 0000 4649 4c45 2e68 0003 0000 7374 6469  ..FILE.h....stdi
000028c0: 6f2e 6800 0400 0073 7973 5f65 7272 6c69  o.h....sys_errli
000028d0: 7374 2e68 0002 0000 0000 0902 1a08 0000  st.h............
000028e0: 0000 0000 0313 0108 2f67 089f a100 0204  ......../g......
000028f0: 0167 0002 0401 088f 4b08 c9bc a175 030a  .g......K....u..
00002900: 2ef3 919f 0228 1500 0204 0202 260d 0002  .....(......&...
00002910: 0401 064a 0603 09ac 919f 0831 0002 0402  ...J.......1....
00002920: fb00 0204 0106 4a06 0309 083c 3ff2 e8bb  ......J....<?...
00002930: 0859 919f 083f 0002 0402 0822 0002 0402  .Y...?....."....
00002940: 0379 e400 0204 0106 4a06 030a 6600 0204  .y......J...f...
00002950: 0391 0002 0403 08ab 0002 0401 064a 0002  .............J..
00002960: 0402 0669 0002 0402 0371 9e00 0204 0106  ...i.....q......
00002970: 4a06 0312 e403 0c08 66f3 9100 0204 0106  J.......f.......
00002980: 083c 0608 3dbd 0002 0402 088b 0002 0401  .<..=...........
00002990: 064a 06b4 40ba e608 e575 5908 5967 084b  .J..@....uY.Yg.K
000029a0: 0813 084b 9f03 7908 e403 099e 0309 0866  ...K..y........f
000029b0: bae6 08e5 752f 0859 6708 4b9f 084b 9f03  ....u/.Yg.K..K..
000029c0: 7908 e403 0a66 0868 e4e5 7508 8475 d8bc  y....f.h..u..u..
000029d0: 5902 1600 0101 5f5f 6f66 665f 7400 5f49  Y.....__off_t._I
000029e0: 4f5f 7265 6164 5f70 7472 005f 6368 6169  O_read_ptr._chai
000029f0: 6e00 7369 7a65 5f74 005f 7368 6f72 7462  n.size_t._shortb
00002a00: 7566 0047 4e55 2043 3131 2037 2e35 2e30  uf.GNU C11 7.5.0
00002a10: 202d 6d74 756e 653d 6765 6e65 7269 6320   -mtune=generic 
00002a20: 2d6d 6172 6368 3d78 3836 2d36 3420 2d67  -march=x86-64 -g
00002a30: 202d 6673 7461 636b 2d70 726f 7465 6374   -fstack-protect
00002a40: 6f72 2d73 7472 6f6e 6700 5f49 4f5f 325f  or-strong._IO_2_
00002a50: 315f 7374 6465 7272 5f00 5f49 4f5f 6275  1_stderr_._IO_bu
00002a60: 665f 6261 7365 006c 6f6e 6720 6c6f 6e67  f_base.long long
00002a70: 2075 6e73 6967 6e65 6420 696e 7400 7072   unsigned int.pr
00002a80: 696e 7444 6174 6141 7342 6974 7300 6c6f  intDataAsBits.lo
00002a90: 6e67 206c 6f6e 6720 696e 7400 5f66 696c  ng long int._fil
00002aa0: 656e 6f00 5f49 4f5f 7265 6164 5f65 6e64  eno._IO_read_end
00002ab0: 0063 7572 7265 6e74 4e75 6d00 6269 7473  .currentNum.bits
00002ac0: 005f 666c 6167 7300 5f49 4f5f 6275 665f  ._flags._IO_buf_
00002ad0: 656e 6400 5f63 7572 5f63 6f6c 756d 6e00  end._cur_column.
00002ae0: 5f6f 6c64 5f6f 6666 7365 7400 7072 696e  _old_offset.prin
00002af0: 7444 6174 6141 7343 6861 7273 005f 494f  tDataAsChars._IO
00002b00: 5f6d 6172 6b65 7200 7374 6469 6e00 7265  _marker.stdin.re
00002b10: 6164 416e 6450 7269 6e74 496e 7075 7441  adAndPrintInputA
00002b20: 7348 6578 005f 494f 5f46 494c 455f 706c  sHex._IO_FILE_pl
00002b30: 7573 005f 494f 5f77 7269 7465 5f70 7472  us._IO_write_ptr
00002b40: 0073 7973 5f6e 6572 7200 5f73 6275 6600  .sys_nerr._sbuf.
00002b50: 6461 7461 0073 697a 6500 7368 6f72 7420  data.size.short 
00002b60: 756e 7369 676e 6564 2069 6e74 005f 494f  unsigned int._IO
00002b70: 5f73 6176 655f 6261 7365 005f 6c6f 636b  _save_base._lock
00002b80: 005f 666c 6167 7332 005f 6d6f 6465 0073  ._flags2._mode.s
00002b90: 7464 6f75 7400 5f49 4f5f 325f 315f 7374  tdout._IO_2_1_st
00002ba0: 6469 6e5f 0070 7269 6e74 4461 7461 4173  din_.printDataAs
00002bb0: 4865 7800 7061 7273 6543 6f6d 6d61 6e64  Hex.parseCommand
00002bc0: 4c69 6e65 005f 494f 5f77 7269 7465 5f65  Line._IO_write_e
00002bd0: 6e64 005f 494f 5f6c 6f63 6b5f 7400 5f49  nd._IO_lock_t._I
00002be0: 4f5f 4649 4c45 005f 706f 7300 7379 735f  O_FILE._pos.sys_
00002bf0: 6572 726c 6973 7400 5f6d 6172 6b65 7273  errlist._markers
00002c00: 0075 6e73 6967 6e65 6420 6368 6172 0072  .unsigned char.r
00002c10: 6561 6441 6e64 5072 696e 7449 6e70 7574  eadAndPrintInput
00002c20: 4173 4269 7473 006d 7978 7864 2e63 0073  AsBits.myxxd.c.s
00002c30: 686f 7274 2069 6e74 005f 7674 6162 6c65  hort int._vtable
00002c40: 5f6f 6666 7365 7400 5f49 4f5f 325f 315f  _offset._IO_2_1_
00002c50: 7374 646f 7574 5f00 696e 7075 7400 6e75  stdout_.input.nu
00002c60: 6d42 7974 6573 5265 6164 005f 6e65 7874  mBytesRead._next
00002c70: 005f 5f6f 6666 3634 5f74 005f 494f 5f72  .__off64_t._IO_r
00002c80: 6561 645f 6261 7365 005f 494f 5f73 6176  ead_base._IO_sav
00002c90: 655f 656e 6400 5f5f 7061 6431 005f 5f70  e_end.__pad1.__p
00002ca0: 6164 3200 5f5f 7061 6433 005f 5f70 6164  ad2.__pad3.__pad
00002cb0: 3400 5f5f 7061 6435 002f 7573 6572 732f  4.__pad5./users/
00002cc0: 6775 6573 742f 6a2f 6a63 6832 3838 2f63  guest/j/jch288/c
00002cd0: 7332 3234 2f4c 6162 3100 5f75 6e75 7365  s224/Lab1._unuse
00002ce0: 6432 0073 7464 6572 7200 6172 6776 005f  d2.stderr.argv._
00002cf0: 494f 5f62 6163 6b75 705f 6261 7365 0061  IO_backup_base.a
00002d00: 7267 6300 6d61 696e 005f 494f 5f77 7269  rgc.main._IO_wri
00002d10: 7465 5f62 6173 6500 0000 0000 0000 0000  te_base.........
00002d20: 0000 0000 0000 0000 0000 0000 0000 0000  ................
00002d30: 0000 0000 0300 0100 3802 0000 0000 0000  ........8.......
00002d40: 0000 0000 0000 0000 0000 0000 0300 0200  ................
00002d50: 5402 0000 0000 0000 0000 0000 0000 0000  T...............
00002d60: 0000 0000 0300 0300 7402 0000 0000 0000  ........t.......
00002d70: 0000 0000 0000 0000 0000 0000 0300 0400  ................
00002d80: 9802 0000 0000 0000 0000 0000 0000 0000  ................
00002d90: 0000 0000 0300 0500 c002 0000 0000 0000  ................
00002da0: 0000 0000 0000 0000 0000 0000 0300 0600  ................
00002db0: f803 0000 0000 0000 0000 0000 0000 0000  ................
00002dc0: 0000 0000 0300 0700 b804 0000 0000 0000  ................
00002dd0: 0000 0000 0000 0000 0000 0000 0300 0800  ................
00002de0: d804 0000 0000 0000 0000 0000 0000 0000  ................
00002df0: 0000 0000 0300 0900 0805 0000 0000 0000  ................
00002e00: 0000 0000 0000 0000 0000 0000 0300 0a00  ................
00002e10: e005 0000 0000 0000 0000 0000 0000 0000  ................
00002e20: 0000 0000 0300 0b00 7006 0000 0000 0000  ........p.......
00002e30: 0000 0000 0000 0000 0000 0000 0300 0c00  ................
00002e40: 9006 0000 0000 0000 0000 0000 0000 0000  ................
00002e50: 0000 0000 0300 0d00 0007 0000 0000 0000  ................
00002e60: 0000 0000 0000 0000 0000 0000 0300 0e00  ................
00002e70: 1007 0000 0000 0000 0000 0000 0000 0000  ................
00002e80: 0000 0000 0300 0f00 b40d 0000 0000 0000  ................
00002e90: 0000 0000 0000 0000 0000 0000 0300 1000  ................
00002ea0: c00d 0000 0000 0000 0000 0000 0000 0000  ................
00002eb0: 0000 0000 0300 1100 080e 0000 0000 0000  ................
00002ec0: 0000 0000 0000 0000 0000 0000 0300 1200  ................
00002ed0: 780e 0000 0000 0000 0000 0000 0000 0000  x...............
00002ee0: 0000 0000 0300 1300 901d 2000 0000 0000  .......... .....
00002ef0: 0000 0000 0000 0000 0000 0000 0300 1400  ................
00002f00: 981d 2000 0000 0000 0000 0000 0000 0000  .. .............
00002f10: 0000 0000 0300 1500 a01d 2000 0000 0000  .......... .....
00002f20: 0000 0000 0000 0000 0000 0000 0300 1600  ................
00002f30: 901f 2000 0000 0000 0000 0000 0000 0000  .. .............
00002f40: 0000 0000 0300 1700 0020 2000 0000 0000  .........  .....
00002f50: 0000 0000 0000 0000 0000 0000 0300 1800  ................
00002f60: 1020 2000 0000 0000 0000 0000 0000 0000  .  .............
00002f70: 0000 0000 0300 1900 0000 0000 0000 0000  ................
00002f80: 0000 0000 0000 0000 0000 0000 0300 1a00  ................
00002f90: 0000 0000 0000 0000 0000 0000 0000 0000  ................
00002fa0: 0000 0000 0300 1b00 0000 0000 0000 0000  ................
00002fb0: 0000 0000 0000 0000 0000 0000 0300 1c00  ................
00002fc0: 0000 0000 0000 0000 0000 0000 0000 0000  ................
00002fd0: 0000 0000 0300 1d00 0000 0000 0000 0000  ................
00002fe0: 0000 0000 0000 0000 0000 0000 0300 1e00  ................
00002ff0: 0000 0000 0000 0000 0000 0000 0000 0000  ................
00003000: 0100 0000 0400 f1ff 0000 0000 0000 0000  ................
00003010: 0000 0000 0000 0000 0c00 0000 0200 0e00  ................
00003020: 4007 0000 0000 0000 0000 0000 0000 0000  @...............
00003030: 0e00 0000 0200 0e00 8007 0000 0000 0000  ................
00003040: 0000 0000 0000 0000 2100 0000 0200 0e00  ........!.......
00003050: d007 0000 0000 0000 0000 0000 0000 0000  ................
00003060: 3700 0000 0100 1800 1820 2000 0000 0000  7........  .....
00003070: 0100 0000 0000 0000 4600 0000 0100 1400  ........F.......
00003080: 981d 2000 0000 0000 0000 0000 0000 0000  .. .............
00003090: 6d00 0000 0200 0e00 1008 0000 0000 0000  m...............
000030a0: 0000 0000 0000 0000 7900 0000 0100 1300  ........y.......
000030b0: 901d 2000 0000 0000 0000 0000 0000 0000  .. .............
000030c0: 9800 0000 0400 f1ff 0000 0000 0000 0000  ................
000030d0: 0000 0000 0000 0000 0100 0000 0400 f1ff  ................
000030e0: 0000 0000 0000 0000 0000 0000 0000 0000  ................
000030f0: a000 0000 0100 1200 3c10 0000 0000 0000  ........<.......
00003100: 0000 0000 0000 0000 0000 0000 0400 f1ff  ................
00003110: 0000 0000 0000 0000 0000 0000 0000 0000  ................
00003120: ae00 0000 0000 1300 981d 2000 0000 0000  .......... .....
00003130: 0000 0000 0000 0000 bf00 0000 0100 1500  ................
00003140: a01d 2000 0000 0000 0000 0000 0000 0000  .. .............
00003150: c800 0000 0000 1300 901d 2000 0000 0000  .......... .....
00003160: 0000 0000 0000 0000 db00 0000 0000 1100  ................
00003170: 080e 0000 0000 0000 0000 0000 0000 0000  ................
00003180: ee00 0000 0100 1600 901f 2000 0000 0000  .......... .....
00003190: 0000 0000 0000 0000 0401 0000 1200 0e00  ................
000031a0: e30b 0000 0000 0000 db00 0000 0000 0000  ................
000031b0: 1c01 0000 1200 0e00 b00d 0000 0000 0000  ................
000031c0: 0200 0000 0000 0000 2c01 0000 1200 0000  ........,.......
000031d0: 0000 0000 0000 0000 0000 0000 0000 0000  ................
000031e0: 4101 0000 2000 0000 0000 0000 0000 0000  A... ...........
000031f0: 0000 0000 0000 0000 2402 0000 2000 1700  ........$... ...
00003200: 0020 2000 0000 0000 0000 0000 0000 0000  .  .............
00003210: 5d01 0000 1200 0e00 1a08 0000 0000 0000  ]...............
00003220: 9f00 0000 0000 0000 6e01 0000 1200 0000  ........n.......
00003230: 0000 0000 0000 0000 0000 0000 0000 0000  ................
00003240: 8101 0000 1100 1800 1020 2000 0000 0000  .........  .....
00003250: 0800 0000 0000 0000 9401 0000 1000 1700  ................
00003260: 1020 2000 0000 0000 0000 0000 0000 0000  .  .............
00003270: 9b01 0000 1200 0e00 fa0a 0000 0000 0000  ................
00003280: e900 0000 0000 0000 b201 0000 1200 0e00  ................
00003290: 810a 0000 0000 0000 7900 0000 0000 0000  ........y.......
000032a0: 2601 0000 1200 0f00 b40d 0000 0000 0000  &...............
000032b0: 0000 0000 0000 0000 c301 0000 1200 0e00  ................
000032c0: 8b09 0000 0000 0000 f600 0000 0000 0000  ................
000032d0: d301 0000 1200 0000 0000 0000 0000 0000  ................
000032e0: 0000 0000 0000 0000 ef01 0000 1200 0000  ................
000032f0: 0000 0000 0000 0000 0000 0000 0000 0000  ................
00003300: 0302 0000 1200 0000 0000 0000 0000 0000  ................
00003310: 0000 0000 0000 0000 2202 0000 1000 1700  ........".......
00003320: 0020 2000 0000 0000 0000 0000 0000 0000  .  .............
00003330: 2f02 0000 1200 0000 0000 0000 0000 0000  /...............
00003340: 0000 0000 0000 0000 4302 0000 2000 0000  ........C... ...
00003350: 0000 0000 0000 0000 0000 0000 0000 0000  ................
00003360: 5202 0000 1102 1700 0820 2000 0000 0000  R........  .....
00003370: 0000 0000 0000 0000 5f02 0000 1100 1000  ........_.......
00003380: c00d 0000 0000 0000 0400 0000 0000 0000  ................
00003390: 6e02 0000 1200 0e00 400d 0000 0000 0000  n.......@.......
000033a0: 6500 0000 0000 0000 ba00 0000 1000 1800  e...............
000033b0: 2020 2000 0000 0000 0000 0000 0000 0000     .............
000033c0: 2802 0000 1200 0e00 1007 0000 0000 0000  (...............
000033d0: 2b00 0000 0000 0000 7e02 0000 1000 1800  +.......~.......
000033e0: 1020 2000 0000 0000 0000 0000 0000 0000  .  .............
000033f0: 8a02 0000 1200 0e00 be0c 0000 0000 0000  ................
00003400: 7a00 0000 0000 0000 8f02 0000 1200 0000  z...............
00003410: 0000 0000 0000 0000 0000 0000 0000 0000  ................
00003420: a102 0000 1102 1700 1020 2000 0000 0000  .........  .....
00003430: 0000 0000 0000 0000 ad02 0000 2000 0000  ............ ...
00003440: 0000 0000 0000 0000 0000 0000 0000 0000  ................
00003450: c702 0000 1200 0e00 b908 0000 0000 0000  ................
00003460: d200 0000 0000 0000 d602 0000 2200 0000  ............"...
00003470: 0000 0000 0000 0000 0000 0000 0000 0000  ................
00003480: 7802 0000 1200 0b00 7006 0000 0000 0000  x.......p.......
00003490: 0000 0000 0000 0000 0063 7274 7374 7566  .........crtstuf
000034a0: 662e 6300 6465 7265 6769 7374 6572 5f74  f.c.deregister_t
000034b0: 6d5f 636c 6f6e 6573 005f 5f64 6f5f 676c  m_clones.__do_gl
000034c0: 6f62 616c 5f64 746f 7273 5f61 7578 0063  obal_dtors_aux.c
000034d0: 6f6d 706c 6574 6564 2e37 3639 3800 5f5f  ompleted.7698.__
000034e0: 646f 5f67 6c6f 6261 6c5f 6474 6f72 735f  do_global_dtors_
000034f0: 6175 785f 6669 6e69 5f61 7272 6179 5f65  aux_fini_array_e
00003500: 6e74 7279 0066 7261 6d65 5f64 756d 6d79  ntry.frame_dummy
00003510: 005f 5f66 7261 6d65 5f64 756d 6d79 5f69  .__frame_dummy_i
00003520: 6e69 745f 6172 7261 795f 656e 7472 7900  nit_array_entry.
00003530: 6d79 7878 642e 6300 5f5f 4652 414d 455f  myxxd.c.__FRAME_
00003540: 454e 445f 5f00 5f5f 696e 6974 5f61 7272  END__.__init_arr
00003550: 6179 5f65 6e64 005f 4459 4e41 4d49 4300  ay_end._DYNAMIC.
00003560: 5f5f 696e 6974 5f61 7272 6179 5f73 7461  __init_array_sta
00003570: 7274 005f 5f47 4e55 5f45 485f 4652 414d  rt.__GNU_EH_FRAM
00003580: 455f 4844 5200 5f47 4c4f 4241 4c5f 4f46  E_HDR._GLOBAL_OF
00003590: 4653 4554 5f54 4142 4c45 5f00 7265 6164  FSET_TABLE_.read
000035a0: 416e 6450 7269 6e74 496e 7075 7441 7342  AndPrintInputAsB
000035b0: 6974 7300 5f5f 6c69 6263 5f63 7375 5f66  its.__libc_csu_f
000035c0: 696e 6900 7075 7463 6861 7240 4047 4c49  ini.putchar@@GLI
000035d0: 4243 5f32 2e32 2e35 005f 4954 4d5f 6465  BC_2.2.5._ITM_de
000035e0: 7265 6769 7374 6572 544d 436c 6f6e 6554  registerTMCloneT
000035f0: 6162 6c65 0070 6172 7365 436f 6d6d 616e  able.parseComman
00003600: 644c 696e 6500 6672 6561 6440 4047 4c49  dLine.fread@@GLI
00003610: 4243 5f32 2e32 2e35 0073 7464 696e 4040  BC_2.2.5.stdin@@
00003620: 474c 4942 435f 322e 322e 3500 5f65 6461  GLIBC_2.2.5._eda
00003630: 7461 0072 6561 6441 6e64 5072 696e 7449  ta.readAndPrintI
00003640: 6e70 7574 4173 4865 7800 7072 696e 7444  nputAsHex.printD
00003650: 6174 6141 7343 6861 7273 0070 7269 6e74  ataAsChars.print
00003660: 4461 7461 4173 4269 7473 005f 5f73 7461  DataAsBits.__sta
00003670: 636b 5f63 686b 5f66 6169 6c40 4047 4c49  ck_chk_fail@@GLI
00003680: 4243 5f32 2e34 0070 7269 6e74 6640 4047  BC_2.4.printf@@G
00003690: 4c49 4243 5f32 2e32 2e35 005f 5f6c 6962  LIBC_2.2.5.__lib
000036a0: 635f 7374 6172 745f 6d61 696e 4040 474c  c_start_main@@GL
000036b0: 4942 435f 322e 322e 3500 5f5f 6461 7461  IBC_2.2.5.__data
000036c0: 5f73 7461 7274 0073 7472 636d 7040 4047  _start.strcmp@@G
000036d0: 4c49 4243 5f32 2e32 2e35 005f 5f67 6d6f  LIBC_2.2.5.__gmo
000036e0: 6e5f 7374 6172 745f 5f00 5f5f 6473 6f5f  n_start__.__dso_
000036f0: 6861 6e64 6c65 005f 494f 5f73 7464 696e  handle._IO_stdin
00003700: 5f75 7365 6400 5f5f 6c69 6263 5f63 7375  _used.__libc_csu
00003710: 5f69 6e69 7400 5f5f 6273 735f 7374 6172  _init.__bss_star
00003720: 7400 6d61 696e 0065 7869 7440 4047 4c49  t.main.exit@@GLI
00003730: 4243 5f32 2e32 2e35 005f 5f54 4d43 5f45  BC_2.2.5.__TMC_E
00003740: 4e44 5f5f 005f 4954 4d5f 7265 6769 7374  ND__._ITM_regist
00003750: 6572 544d 436c 6f6e 6554 6162 6c65 0070  erTMCloneTable.p
00003760: 7269 6e74 4461 7461 4173 4865 7800 5f5f  rintDataAsHex.__
00003770: 6378 615f 6669 6e61 6c69 7a65 4040 474c  cxa_finalize@@GL
00003780: 4942 435f 322e 322e 3500 002e 7379 6d74  IBC_2.2.5...symt
00003790: 6162 002e 7374 7274 6162 002e 7368 7374  ab..strtab..shst
000037a0: 7274 6162 002e 696e 7465 7270 002e 6e6f  rtab..interp..no
000037b0: 7465 2e41 4249 2d74 6167 002e 6e6f 7465  te.ABI-tag..note
000037c0: 2e67 6e75 2e62 7569 6c64 2d69 6400 2e67  .gnu.build-id..g
000037d0: 6e75 2e68 6173 6800 2e64 796e 7379 6d00  nu.hash..dynsym.
000037e0: 2e64 796e 7374 7200 2e67 6e75 2e76 6572  .dynstr..gnu.ver
000037f0: 7369 6f6e 002e 676e 752e 7665 7273 696f  sion..gnu.versio
00003800: 6e5f 7200 2e72 656c 612e 6479 6e00 2e72  n_r..rela.dyn..r
00003810: 656c 612e 706c 7400 2e69 6e69 7400 2e70  ela.plt..init..p
00003820: 6c74 2e67 6f74 002e 7465 7874 002e 6669  lt.got..text..fi
00003830: 6e69 002e 726f 6461 7461 002e 6568 5f66  ni..rodata..eh_f
00003840: 7261 6d65 5f68 6472 002e 6568 5f66 7261  rame_hdr..eh_fra
00003850: 6d65 002e 696e 6974 5f61 7272 6179 002e  me..init_array..
00003860: 6669 6e69 5f61 7272 6179 002e 6479 6e61  fini_array..dyna
00003870: 6d69 6300 2e64 6174 6100 2e62 7373 002e  mic..data..bss..
00003880: 636f 6d6d 656e 7400 2e64 6562 7567 5f61  comment..debug_a
00003890: 7261 6e67 6573 002e 6465 6275 675f 696e  ranges..debug_in
000038a0: 666f 002e 6465 6275 675f 6162 6272 6576  fo..debug_abbrev
000038b0: 002e 6465 6275 675f 6c69 6e65 002e 6465  ..debug_line..de
000038c0: 6275 675f 7374 7200 0000 0000 0000 0000  bug_str.........
000038d0: 0000 0000 0000 0000 0000 0000 0000 0000  ................
000038e0: 0000 0000 0000 0000 0000 0000 0000 0000  ................
000038f0: 0000 0000 0000 0000 0000 0000 0000 0000  ................
00003900: 0000 0000 0000 0000 1b00 0000 0100 0000  ................
00003910: 0200 0000 0000 0000 3802 0000 0000 0000  ........8.......
00003920: 3802 0000 0000 0000 1c00 0000 0000 0000  8...............
00003930: 0000 0000 0000 0000 0100 0000 0000 0000  ................
00003940: 0000 0000 0000 0000 2300 0000 0700 0000  ........#.......
00003950: 0200 0000 0000 0000 5402 0000 0000 0000  ........T.......
00003960: 5402 0000 0000 0000 2000 0000 0000 0000  T....... .......
00003970: 0000 0000 0000 0000 0400 0000 0000 0000  ................
00003980: 0000 0000 0000 0000 3100 0000 0700 0000  ........1.......
00003990: 0200 0000 0000 0000 7402 0000 0000 0000  ........t.......
000039a0: 7402 0000 0000 0000 2400 0000 0000 0000  t.......$.......
000039b0: 0000 0000 0000 0000 0400 0000 0000 0000  ................
000039c0: 0000 0000 0000 0000 4400 0000 f6ff ff6f  ........D......o
000039d0: 0200 0000 0000 0000 9802 0000 0000 0000  ................
000039e0: 9802 0000 0000 0000 2400 0000 0000 0000  ........$.......
000039f0: 0500 0000 0000 0000 0800 0000 0000 0000  ................
00003a00: 0000 0000 0000 0000 4e00 0000 0b00 0000  ........N.......
00003a10: 0200 0000 0000 0000 c002 0000 0000 0000  ................
00003a20: c002 0000 0000 0000 3801 0000 0000 0000  ........8.......
00003a30: 0600 0000 0100 0000 0800 0000 0000 0000  ................
00003a40: 1800 0000 0000 0000 5600 0000 0300 0000  ........V.......
00003a50: 0200 0000 0000 0000 f803 0000 0000 0000  ................
00003a60: f803 0000 0000 0000 bf00 0000 0000 0000  ................
00003a70: 0000 0000 0000 0000 0100 0000 0000 0000  ................
00003a80: 0000 0000 0000 0000 5e00 0000 ffff ff6f  ........^......o
00003a90: 0200 0000 0000 0000 b804 0000 0000 0000  ................
00003aa0: b804 0000 0000 0000 1a00 0000 0000 0000  ................
00003ab0: 0500 0000 0000 0000 0200 0000 0000 0000  ................
00003ac0: 0200 0000 0000 0000 6b00 0000 feff ff6f  ........k......o
00003ad0: 0200 0000 0000 0000 d804 0000 0000 0000  ................
00003ae0: d804 0000 0000 0000 3000 0000 0000 0000  ........0.......
00003af0: 0600 0000 0100 0000 0800 0000 0000 0000  ................
00003b00: 0000 0000 0000 0000 7a00 0000 0400 0000  ........z.......
00003b10: 0200 0000 0000 0000 0805 0000 0000 0000  ................
00003b20: 0805 0000 0000 0000 d800 0000 0000 0000  ................
00003b30: 0500 0000 0000 0000 0800 0000 0000 0000  ................
00003b40: 1800 0000 0000 0000 8400 0000 0400 0000  ................
00003b50: 4200 0000 0000 0000 e005 0000 0000 0000  B...............
00003b60: e005 0000 0000 0000 9000 0000 0000 0000  ................
00003b70: 0500 0000 1600 0000 0800 0000 0000 0000  ................
00003b80: 1800 0000 0000 0000 8e00 0000 0100 0000  ................
00003b90: 0600 0000 0000 0000 7006 0000 0000 0000  ........p.......
00003ba0: 7006 0000 0000 0000 1700 0000 0000 0000  p...............
00003bb0: 0000 0000 0000 0000 0400 0000 0000 0000  ................
00003bc0: 0000 0000 0000 0000 8900 0000 0100 0000  ................
00003bd0: 0600 0000 0000 0000 9006 0000 0000 0000  ................
00003be0: 9006 0000 0000 0000 7000 0000 0000 0000  ........p.......
00003bf0: 0000 0000 0000 0000 1000 0000 0000 0000  ................
00003c00: 1000 0000 0000 0000 9400 0000 0100 0000  ................
00003c10: 0600 0000 0000 0000 0007 0000 0000 0000  ................
00003c20: 0007 0000 0000 0000 0800 0000 0000 0000  ................
00003c30: 0000 0000 0000 0000 0800 0000 0000 0000  ................
00003c40: 0800 0000 0000 0000 9d00 0000 0100 0000  ................
00003c50: 0600 0000 0000 0000 1007 0000 0000 0000  ................
00003c60: 1007 0000 0000 0000 a206 0000 0000 0000  ................
00003c70: 0000 0000 0000 0000 1000 0000 0000 0000  ................
00003c80: 0000 0000 0000 0000 a300 0000 0100 0000  ................
00003c90: 0600 0000 0000 0000 b40d 0000 0000 0000  ................
00003ca0: b40d 0000 0000 0000 0900 0000 0000 0000  ................
00003cb0: 0000 0000 0000 0000 0400 0000 0000 0000  ................
00003cc0: 0000 0000 0000 0000 a900 0000 0100 0000  ................
00003cd0: 0200 0000 0000 0000 c00d 0000 0000 0000  ................
00003ce0: c00d 0000 0000 0000 4500 0000 0000 0000  ........E.......
00003cf0: 0000 0000 0000 0000 0400 0000 0000 0000  ................
00003d00: 0000 0000 0000 0000 b100 0000 0100 0000  ................
00003d10: 0200 0000 0000 0000 080e 0000 0000 0000  ................
00003d20: 080e 0000 0000 0000 6c00 0000 0000 0000  ........l.......
00003d30: 0000 0000 0000 0000 0400 0000 0000 0000  ................
00003d40: 0000 0000 0000 0000 bf00 0000 0100 0000  ................
00003d50: 0200 0000 0000 0000 780e 0000 0000 0000  ........x.......
00003d60: 780e 0000 0000 0000 c801 0000 0000 0000  x...............
00003d70: 0000 0000 0000 0000 0800 0000 0000 0000  ................
00003d80: 0000 0000 0000 0000 c900 0000 0e00 0000  ................
00003d90: 0300 0000 0000 0000 901d 2000 0000 0000  .......... .....
00003da0: 901d 0000 0000 0000 0800 0000 0000 0000  ................
00003db0: 0000 0000 0000 0000 0800 0000 0000 0000  ................
00003dc0: 0800 0000 0000 0000 d500 0000 0f00 0000  ................
00003dd0: 0300 0000 0000 0000 981d 2000 0000 0000  .......... .....
00003de0: 981d 0000 0000 0000 0800 0000 0000 0000  ................
00003df0: 0000 0000 0000 0000 0800 0000 0000 0000  ................
00003e00: 0800 0000 0000 0000 e100 0000 0600 0000  ................
00003e10: 0300 0000 0000 0000 a01d 2000 0000 0000  .......... .....
00003e20: a01d 0000 0000 0000 f001 0000 0000 0000  ................
00003e30: 0600 0000 0000 0000 0800 0000 0000 0000  ................
00003e40: 1000 0000 0000 0000 9800 0000 0100 0000  ................
00003e50: 0300 0000 0000 0000 901f 2000 0000 0000  .......... .....
00003e60: 901f 0000 0000 0000 7000 0000 0000 0000  ........p.......
00003e70: 0000 0000 0000 0000 0800 0000 0000 0000  ................
00003e80: 0800 0000 0000 0000 ea00 0000 0100 0000  ................
00003e90: 0300 0000 0000 0000 0020 2000 0000 0000  .........  .....
00003ea0: 0020 0000 0000 0000 1000 0000 0000 0000  . ..............
00003eb0: 0000 0000 0000 0000 0800 0000 0000 0000  ................
00003ec0: 0000 0000 0000 0000 f000 0000 0800 0000  ................
00003ed0: 0300 0000 0000 0000 1020 2000 0000 0000  .........  .....
00003ee0: 1020 0000 0000 0000 1000 0000 0000 0000  . ..............
00003ef0: 0000 0000 0000 0000 1000 0000 0000 0000  ................
00003f00: 0000 0000 0000 0000 f500 0000 0100 0000  ................
00003f10: 3000 0000 0000 0000 0000 0000 0000 0000  0...............
00003f20: 1020 0000 0000 0000 2900 0000 0000 0000  . ......).......
00003f30: 0000 0000 0000 0000 0100 0000 0000 0000  ................
00003f40: 0100 0000 0000 0000 fe00 0000 0100 0000  ................
00003f50: 0000 0000 0000 0000 0000 0000 0000 0000  ................
00003f60: 3920 0000 0000 0000 3000 0000 0000 0000  9 ......0.......
00003f70: 0000 0000 0000 0000 0100 0000 0000 0000  ................
00003f80: 0000 0000 0000 0000 0d01 0000 0100 0000  ................
00003f90: 0000 0000 0000 0000 0000 0000 0000 0000  ................
00003fa0: 6920 0000 0000 0000 4006 0000 0000 0000  i ......@.......
00003fb0: 0000 0000 0000 0000 0100 0000 0000 0000  ................
00003fc0: 0000 0000 0000 0000 1901 0000 0100 0000  ................
00003fd0: 0000 0000 0000 0000 0000 0000 0000 0000  ................
00003fe0: a926 0000 0000 0000 3f01 0000 0000 0000  .&......?.......
00003ff0: 0000 0000 0000 0000 0100 0000 0000 0000  ................
00004000: 0000 0000 0000 0000 2701 0000 0100 0000  ........'.......
00004010: 0000 0000 0000 0000 0000 0000 0000 0000  ................
00004020: e827 0000 0000 0000 ee01 0000 0000 0000  .'..............
00004030: 0000 0000 0000 0000 0100 0000 0000 0000  ................
00004040: 0000 0000 0000 0000 3301 0000 0100 0000  ........3.......
00004050: 3000 0000 0000 0000 0000 0000 0000 0000  0...............
00004060: d629 0000 0000 0000 4203 0000 0000 0000  .)......B.......
00004070: 0000 0000 0000 0000 0100 0000 0000 0000  ................
00004080: 0100 0000 0000 0000 0100 0000 0200 0000  ................
00004090: 0000 0000 0000 0000 0000 0000 0000 0000  ................
000040a0: 182d 0000 0000 0000 8007 0000 0000 0000  .-..............
000040b0: 2000 0000 3000 0000 0800 0000 0000 0000   ...0...........
000040c0: 1800 0000 0000 0000 0900 0000 0300 0000  ................
000040d0: 0000 0000 0000 0000 0000 0000 0000 0000  ................
000040e0: 9834 0000 0000 0000 f202 0000 0000 0000  .4..............
000040f0: 0000 0000 0000 0000 0100 0000 0000 0000  ................
00004100: 0000 0000 0000 0000 1100 0000 0300 0000  ................
00004110: 0000 0000 0000 0000 0000 0000 0000 0000  ................
00004120: 8a37 0000 0000 0000 3e01 0000 0000 0000  .7......>.......
00004130: 0000 0000 0000 0000 0100 0000 0000 0000  ................
00004140: 0000 0000 0000 0000                      ........
